Using pre-set license
Built from '2021.2/china_unity/release' branch; Version is '2021.2.0f1c1 (ba64813d961d) revision 12215425'; Using compiler version '192829333'; Build Type 'Release'
OS: 'Windows 10 Pro; OS build 19042.1288; Version 2009; 64bit' Language: 'zh' Physical Memory: 32710 MB
BatchMode: 1, IsHumanControllingUs: 0, StartBugReporterOnCrash: 0, Is64bit: 1, IsPro: 0

COMMAND LINE ARGUMENTS:
F:\Unity\2021.2.0f1c1\Editor\Unity.exe
-adb2
-batchMode
-noUpm
-name
AssetImportWorker2
-projectPath
E:/study/UnityPro/BattleCityRemake
-logFile
Logs/AssetImportWorker2.log
-srvPort
51338
Successfully changed project path to: E:/study/UnityPro/BattleCityRemake
E:/study/UnityPro/BattleCityRemake
[UnityMemory] Configuration Parameters - Can be set up in boot.config
    "memorysetup-bucket-allocator-granularity=16"
    "memorysetup-bucket-allocator-bucket-count=8"
    "memorysetup-bucket-allocator-block-size=33554432"
    "memorysetup-bucket-allocator-block-count=8"
    "memorysetup-main-allocator-block-size=16777216"
    "memorysetup-thread-allocator-block-size=16777216"
    "memorysetup-gfx-main-allocator-block-size=16777216"
    "memorysetup-gfx-thread-allocator-block-size=16777216"
    "memorysetup-cache-allocator-block-size=4194304"
    "memorysetup-typetree-allocator-block-size=2097152"
    "memorysetup-profiler-bucket-allocator-granularity=16"
    "memorysetup-profiler-bucket-allocator-bucket-count=8"
    "memorysetup-profiler-bucket-allocator-block-size=33554432"
    "memorysetup-profiler-bucket-allocator-block-count=8"
    "memorysetup-profiler-allocator-block-size=16777216"
    "memorysetup-profiler-editor-allocator-block-size=1048576"
    "memorysetup-temp-allocator-size-main=16777216"
    "memorysetup-job-temp-allocator-block-size=2097152"
    "memorysetup-job-temp-allocator-block-size-background=1048576"
    "memorysetup-job-temp-allocator-reduction-small-platforms=262144"
    "memorysetup-temp-allocator-size-background-worker=32768"
    "memorysetup-temp-allocator-size-job-worker=262144"
    "memorysetup-temp-allocator-size-preload-manager=33554432"
    "memorysetup-temp-allocator-size-nav-mesh-worker=65536"
    "memorysetup-temp-allocator-size-audio-worker=65536"
    "memorysetup-temp-allocator-size-cloud-worker=32768"
    "memorysetup-temp-allocator-size-gi-baking-worker=262144"
    "memorysetup-temp-allocator-size-gfx=262144"
Refreshing native plugins compatible for Editor in 157.81 ms, found 4 plugins.
Preloading 0 native plugins for Editor in 0.00 ms.
Initialize engine version: 2021.2.0f1c1 (ba64813d961d)
[Subsystems] Discovering subsystems at path F:/Unity/2021.2.0f1c1/Editor/Data/Resources/UnitySubsystems
[Subsystems] Discovering subsystems at path E:/study/UnityPro/BattleCityRemake/Assets
GfxDevice: creating device client; threaded=0; jobified=0
Direct3D:
    Version:  Direct3D 11.0 [level 11.1]
    Renderer: NVIDIA GeForce RTX 2070 SUPER (ID=0x1e84)
    Vendor:   NVIDIA
    VRAM:     8011 MB
    Driver:   30.0.14.9649
Initialize mono
Mono path[0] = 'F:/Unity/2021.2.0f1c1/Editor/Data/Managed'
Mono path[1] = 'F:/Unity/2021.2.0f1c1/Editor/Data/MonoBleedingEdge/lib/mono/unityjit-win32'
Mono config path = 'F:/Unity/2021.2.0f1c1/Editor/Data/MonoBleedingEdge/etc'
Using monoOptions --debugger-agent=transport=dt_socket,embedding=1,server=y,suspend=n,address=127.0.0.1:56440
Begin MonoManager ReloadAssembly
Registering precompiled unity dll's ...
Register platform support module: F:/Unity/2021.2.0f1c1/Editor/Data/PlaybackEngines/WindowsStandaloneSupport/UnityEditor.WindowsStandalone.Extensions.dll
Registered in 0.005794 seconds.
Native extension for WindowsStandalone target not found
Refreshing native plugins compatible for Editor in 148.24 ms, found 4 plugins.
Preloading 0 native plugins for Editor in 0.00 ms.
Mono: successfully reloaded assembly
- Completed reload, in  1.539 seconds
Domain Reload Profiling:
	ReloadAssembly (1540ms)
		BeginReloadAssembly (161ms)
			ExecutionOrderSort (0ms)
			DisableScriptedObjects (0ms)
			BackupInstance (0ms)
			ReleaseScriptingObjects (0ms)
			CreateAndSetChildDomain (1ms)
		EndReloadAssembly (729ms)
			LoadAssemblies (149ms)
			RebuildTransferFunctionScriptingTraits (0ms)
			SetupTypeCache (148ms)
			ReleaseScriptCaches (0ms)
			RebuildScriptCaches (61ms)
			SetupLoadedEditorAssemblies (422ms)
				LogAssemblyErrors (0ms)
				InitializePlatformSupportModulesInManaged (9ms)
				SetLoadedEditorAssemblies (0ms)
				RefreshPlugins (148ms)
				BeforeProcessingInitializeOnLoad (2ms)
				ProcessInitializeOnLoadAttributes (186ms)
				ProcessInitializeOnLoadMethodAttributes (76ms)
				AfterProcessingInitializeOnLoad (0ms)
				EditorAssembliesLoaded (0ms)
			ExecutionOrderSort2 (0ms)
			AwakeInstancesAfterBackupRestoration (0ms)
Platform modules already initialized, skipping
Registering precompiled user dll's ...
Registered in 0.038909 seconds.
Begin MonoManager ReloadAssembly
Symbol file LoadedFromMemory doesn't match image E:\study\UnityPro\BattleCityRemake\Library\PackageCache\com.unity.visualscripting@1.7.2\Editor\VisualScripting.Core\Dependencies\YamlDotNet\Unity.VisualScripting.YamlDotNet.dll
Symbol file LoadedFromMemory doesn't match image E:\study\UnityPro\BattleCityRemake\Library\PackageCache\com.unity.visualscripting@1.7.2\Editor\VisualScripting.Core\Dependencies\DotNetZip\Unity.VisualScripting.IonicZip.dll
Native extension for WindowsStandalone target not found
Refreshing native plugins compatible for Editor in 157.67 ms, found 4 plugins.
Preloading 0 native plugins for Editor in 0.00 ms.
Mono: successfully reloaded assembly
- Completed reload, in  2.801 seconds
Domain Reload Profiling:
	ReloadAssembly (2803ms)
		BeginReloadAssembly (644ms)
			ExecutionOrderSort (0ms)
			DisableScriptedObjects (9ms)
			BackupInstance (0ms)
			ReleaseScriptingObjects (0ms)
			CreateAndSetChildDomain (27ms)
		EndReloadAssembly (1950ms)
			LoadAssemblies (194ms)
			RebuildTransferFunctionScriptingTraits (0ms)
			SetupTypeCache (352ms)
			ReleaseScriptCaches (1ms)
			RebuildScriptCaches (89ms)
			SetupLoadedEditorAssemblies (1151ms)
				LogAssemblyErrors (0ms)
				InitializePlatformSupportModulesInManaged (19ms)
				SetLoadedEditorAssemblies (0ms)
				RefreshPlugins (158ms)
				BeforeProcessingInitializeOnLoad (160ms)
				ProcessInitializeOnLoadAttributes (728ms)
				ProcessInitializeOnLoadMethodAttributes (53ms)
				AfterProcessingInitializeOnLoad (32ms)
				EditorAssembliesLoaded (0ms)
			ExecutionOrderSort2 (0ms)
			AwakeInstancesAfterBackupRestoration (10ms)
Platform modules already initialized, skipping
========================================================================
Worker process is ready to serve import requests
Launched and connected shader compiler UnityShaderCompiler.exe after 0.09 seconds
Refreshing native plugins compatible for Editor in 1.13 ms, found 4 plugins.
Preloading 0 native plugins for Editor in 0.00 ms.
Unloading 3886 Unused Serialized files (Serialized files now loaded: 0)
Unloading 38 unused Assets / (55.4 KB). Loaded Objects now: 4344.
Memory consumption went from 149.4 MB to 149.3 MB.
Total: 4.947300 ms (FindLiveObjects: 0.380500 ms CreateObjectMapping: 0.265600 ms MarkObjects: 4.201900 ms  DeleteObjects: 0.098100 ms)

AssetImportParameters requested are different than current active one (requested -> active):
  custom:video-decoder-ogg-theora: a1e56fd34408186e4bbccfd4996cb3dc -> 
  custom:container-muxer-webm: aa71ff27fc2769a1b78a27578f13a17b -> 
  custom:container-demuxer-webm: 4f35f7cbe854078d1ac9338744f61a02 -> 
  custom:video-encoder-webm-vp8: eb34c28f22e8b96e1ab97ce403110664 -> 
  custom:audio-encoder-webm-vorbis: bf7c407c2cedff20999df2af8eb42d56 -> 
  custom:framework-win-MediaFoundation: 216162199b28c13a410421893ffa2e32 -> 
  custom:container-demuxer-ogg: 62fdf1f143b41e24485cea50d1cbac27 -> 
  custom:video-decoder-webm-vp8: 9c59270c3fd7afecdb556c50c9e8de78 -> 
  custom:audio-decoder-ogg-vorbis: bf7c407c2cedff20999df2af8eb42d56 -> 
========================================================================
Received Import Request.
  Time since last request: 10713.333092 seconds.
  path: Assets/GameResource/Graphics/BackGround.jpg
  artifactKey: Guid(7a1e9cf1fc0ff7744b5a1e6fc501d7e8) Importer(815301076,1909f56bfc062723c751e8b465ee728b)
Start importing Assets/GameResource/Graphics/BackGround.jpg using Guid(7a1e9cf1fc0ff7744b5a1e6fc501d7e8) Importer(815301076,1909f56bfc062723c751e8b465ee728b)  -> (artifact id: 'dc4495c2d51595d8808d2fbd66c53ca5') in 0.260749 seconds 
========================================================================
Received Import Request.
  Time since last request: 8.763911 seconds.
  path: Assets/GameResource/Graphics/Explode1.bmp
  artifactKey: Guid(59551ce7c322bac4e897e164060ef7b0) Importer(815301076,1909f56bfc062723c751e8b465ee728b)
Start importing Assets/GameResource/Graphics/Explode1.bmp using Guid(59551ce7c322bac4e897e164060ef7b0) Importer(815301076,1909f56bfc062723c751e8b465ee728b)  -> (artifact id: '771cdb50f98db4635b369505cd081cf6') in 0.031091 seconds 
========================================================================
Received Import Request.
  Time since last request: 34.831569 seconds.
  path: Assets/GameResource/Graphics
  artifactKey: Guid(0ffe32fd6f20ec746843e8a799220fe3) Importer(815301076,1909f56bfc062723c751e8b465ee728b)
Start importing Assets/GameResource/Graphics using Guid(0ffe32fd6f20ec746843e8a799220fe3) Importer(815301076,1909f56bfc062723c751e8b465ee728b)  -> (artifact id: '0a8b14d4f4bcb84b049bf0fdc0899eca') in 0.004583 seconds 
========================================================================
Received Import Request.
  Time since last request: 8.641392 seconds.
  path: Assets/GameResource/Graphics/UIGameOver.bmp
  artifactKey: Guid(254c67df951808c4e8d95fce9cccdf71) Importer(815301076,1909f56bfc062723c751e8b465ee728b)
Start importing Assets/GameResource/Graphics/UIGameOver.bmp using Guid(254c67df951808c4e8d95fce9cccdf71) Importer(815301076,1909f56bfc062723c751e8b465ee728b)  -> (artifact id: '6646e1c14a89e12d331adab2544bf4f0') in 0.036185 seconds 
========================================================================
Received Import Request.
  Time since last request: 15.482709 seconds.
  path: Assets/GameResource/AudioSource/EngineDriving.aif
  artifactKey: Guid(9e338ba8c87e0ba4aaf9d88ae7141118) Importer(815301076,1909f56bfc062723c751e8b465ee728b)
Start importing Assets/GameResource/AudioSource/EngineDriving.aif using Guid(9e338ba8c87e0ba4aaf9d88ae7141118) Importer(815301076,1909f56bfc062723c751e8b465ee728b)  -> (artifact id: 'fd9540a47ca28b2a3a34a50303e1e837') in 0.049234 seconds 
========================================================================
Received Import Request.
  Time since last request: 334.763809 seconds.
  path: Assets/Scenes/SampleScene.unity
  artifactKey: Guid(2cda990e2423bbf4892e6590ba056729) Importer(815301076,1909f56bfc062723c751e8b465ee728b)
Start importing Assets/Scenes/SampleScene.unity using Guid(2cda990e2423bbf4892e6590ba056729) Importer(815301076,1909f56bfc062723c751e8b465ee728b)  -> (artifact id: '5ea9e2082b4475d0a18d090784697f8e') in 0.005799 seconds 
========================================================================
Received Import Request.
  Time since last request: 0.770040 seconds.
  path: Assets/Scenes/GameMain.unity
  artifactKey: Guid(0154d640f7811ac4d8ff3979e0d19da8) Importer(815301076,1909f56bfc062723c751e8b465ee728b)
Start importing Assets/Scenes/GameMain.unity using Guid(0154d640f7811ac4d8ff3979e0d19da8) Importer(815301076,1909f56bfc062723c751e8b465ee728b)  -> (artifact id: '18efdf3bde5f7d26e5fbf61cd28b9b35') in 0.004454 seconds 
========================================================================
Received Import Request.
  Time since last request: 206.122917 seconds.
  path: Assets
  artifactKey: Guid(00000000000000001000000000000000) Importer(815301076,1909f56bfc062723c751e8b465ee728b)
Start importing Assets using Guid(00000000000000001000000000000000) Importer(815301076,1909f56bfc062723c751e8b465ee728b)  -> (artifact id: '79842766b460edbeab6a34051e857a80') in 0.004662 seconds 
========================================================================
Received Import Request.
  Time since last request: 13.771610 seconds.
  path: Assets/Prefabs
  artifactKey: Guid(85a96c4d50412264da960e4f50b6c829) Importer(815301076,1909f56bfc062723c751e8b465ee728b)
Start importing Assets/Prefabs using Guid(85a96c4d50412264da960e4f50b6c829) Importer(815301076,1909f56bfc062723c751e8b465ee728b)  -> (artifact id: '18377d7fb249d33a36e9f1c0e44922c4') in 0.003949 seconds 
========================================================================
Received Import Request.
  Time since last request: 289.965052 seconds.
  path: Assets/GameResource/Graphics/Bonus.bmp
  artifactKey: Guid(d532de5e6df7ce948a5f9d07897aa865) Importer(815301076,1909f56bfc062723c751e8b465ee728b)
Start importing Assets/GameResource/Graphics/Bonus.bmp using Guid(d532de5e6df7ce948a5f9d07897aa865) Importer(815301076,1909f56bfc062723c751e8b465ee728b)  -> (artifact id: '380c649780e025bea7dd9fb2afc124da') in 0.055746 seconds 
========================================================================
Received Import Request.
  Time since last request: 6.481342 seconds.
  path: Assets/GameResource/Graphics/Bullect.bmp
  artifactKey: Guid(156edf117960b9b40955ebbabaa99937) Importer(815301076,1909f56bfc062723c751e8b465ee728b)
Start importing Assets/GameResource/Graphics/Bullect.bmp using Guid(156edf117960b9b40955ebbabaa99937) Importer(815301076,1909f56bfc062723c751e8b465ee728b)  -> (artifact id: 'eae8928eedef6ee98e2b801fdd1a4d83') in 0.037071 seconds 
========================================================================
Received Import Request.
  Time since last request: 14.186407 seconds.
  path: Assets/GameResource/Graphics/UIView.bmp
  artifactKey: Guid(b7522ab025b08e14a83b243bd6505ae9) Importer(815301076,1909f56bfc062723c751e8b465ee728b)
Start importing Assets/GameResource/Graphics/UIView.bmp using Guid(b7522ab025b08e14a83b243bd6505ae9) Importer(815301076,1909f56bfc062723c751e8b465ee728b)  -> (artifact id: 'ba05b2f5fa17c66da113d86816120f4f') in 0.048331 seconds 
========================================================================
Received Import Request.
  Time since last request: 163.349383 seconds.
  path: Assets/Prefabs/Player.prefab
  artifactKey: Guid(a727b29b9e61ebb409170ee4ec3ce91e) Importer(815301076,1909f56bfc062723c751e8b465ee728b)
Start importing Assets/Prefabs/Player.prefab using Guid(a727b29b9e61ebb409170ee4ec3ce91e) Importer(815301076,1909f56bfc062723c751e8b465ee728b)  -> (artifact id: 'd71ba93612d93a63b9b912322361fe09') in 0.050565 seconds 
========================================================================
Received Import Request.
  Time since last request: 1.013711 seconds.
  path: Assets/Scenes
  artifactKey: Guid(87f0831cc5b078746a2e9b31d7790b4e) Importer(815301076,1909f56bfc062723c751e8b465ee728b)
Start importing Assets/Scenes using Guid(87f0831cc5b078746a2e9b31d7790b4e) Importer(815301076,1909f56bfc062723c751e8b465ee728b)  -> (artifact id: '428fd9dbead27f9c872d271fea72e93e') in 0.006331 seconds 
========================================================================
Received Import Request.
  Time since last request: 2.129965 seconds.
  path: Assets/Prefabs/Wall.prefab
  artifactKey: Guid(dcb2dbdfca5873a4bb04699cde3dc288) Importer(815301076,1909f56bfc062723c751e8b465ee728b)
Start importing Assets/Prefabs/Wall.prefab using Guid(dcb2dbdfca5873a4bb04699cde3dc288) Importer(815301076,1909f56bfc062723c751e8b465ee728b)  -> (artifact id: '037670c344c84652d49a9573040843c6') in 0.016743 seconds 
========================================================================
Received Import Request.
  Time since last request: 1.442328 seconds.
  path: Assets/Prefabs/Barrier.prefab
  artifactKey: Guid(054e185722e79a049b69a99c2b303fc3) Importer(815301076,1909f56bfc062723c751e8b465ee728b)
Start importing Assets/Prefabs/Barrier.prefab using Guid(054e185722e79a049b69a99c2b303fc3) Importer(815301076,1909f56bfc062723c751e8b465ee728b)  -> (artifact id: 'a37827f8bfe8b112d4a9e514cc5e25e4') in 0.017990 seconds 
========================================================================
Received Import Request.
  Time since last request: 1.607030 seconds.
  path: Assets/Prefabs/Grass.prefab
  artifactKey: Guid(2b11d8abe299da84db8406207ab5bd50) Importer(815301076,1909f56bfc062723c751e8b465ee728b)
Start importing Assets/Prefabs/Grass.prefab using Guid(2b11d8abe299da84db8406207ab5bd50) Importer(815301076,1909f56bfc062723c751e8b465ee728b)  -> (artifact id: '700760f7969d8cbf7498d7ed33f3345f') in 0.019529 seconds 
========================================================================
Received Import Request.
  Time since last request: 1.212581 seconds.
  path: Assets/Prefabs/Castle.prefab
  artifactKey: Guid(fc6db14106e18194b85b3315db635e3d) Importer(815301076,1909f56bfc062723c751e8b465ee728b)
Start importing Assets/Prefabs/Castle.prefab using Guid(fc6db14106e18194b85b3315db635e3d) Importer(815301076,1909f56bfc062723c751e8b465ee728b)  -> (artifact id: '56c74dc3049c51a6488ded6ab07adf4c') in 0.017757 seconds 
========================================================================
Received Import Request.
  Time since last request: 10.514882 seconds.
  path: Assets/Prefabs/Players
  artifactKey: Guid(9c00b9254e9103240832c7c22c9b958a) Importer(815301076,1909f56bfc062723c751e8b465ee728b)
Start importing Assets/Prefabs/Players using Guid(9c00b9254e9103240832c7c22c9b958a) Importer(815301076,1909f56bfc062723c751e8b465ee728b)  -> (artifact id: '83724454c56c14ef467e14e4d50a5441') in 0.004547 seconds 
========================================================================
Received Import Request.
  Time since last request: 16.100894 seconds.
  path: Assets/Prefabs/Map
  artifactKey: Guid(d9810ba9ff92bbf45ae98a02ef72f844) Importer(815301076,1909f56bfc062723c751e8b465ee728b)
Start importing Assets/Prefabs/Map using Guid(d9810ba9ff92bbf45ae98a02ef72f844) Importer(815301076,1909f56bfc062723c751e8b465ee728b)  -> (artifact id: 'd1dfd7a834154e6e8ff3a8e80e1a3b33') in 0.003504 seconds 
========================================================================
Received Import Request.
  Time since last request: 14.004788 seconds.
  path: Assets/Anim
  artifactKey: Guid(26218c80372bc9e41af58a68bdb45ef8) Importer(815301076,1909f56bfc062723c751e8b465ee728b)
Start importing Assets/Anim using Guid(26218c80372bc9e41af58a68bdb45ef8) Importer(815301076,1909f56bfc062723c751e8b465ee728b)  -> (artifact id: '53490f114f9f471ac441b6957122a3bc') in 0.003912 seconds 
========================================================================
Received Import Request.
  Time since last request: 7.396158 seconds.
  path: Assets/Anim/Animation
  artifactKey: Guid(0b19063a22104aa4aa53de1e2743aebe) Importer(815301076,1909f56bfc062723c751e8b465ee728b)
Start importing Assets/Anim/Animation using Guid(0b19063a22104aa4aa53de1e2743aebe) Importer(815301076,1909f56bfc062723c751e8b465ee728b)  -> (artifact id: 'a2630246534211d9ab9ad10b2dece239') in 0.003926 seconds 
========================================================================
Received Import Request.
  Time since last request: 11.218326 seconds.
  path: Assets/Anim/AnimController
  artifactKey: Guid(9e311088c2ea1404b8427baeaa58acb4) Importer(815301076,1909f56bfc062723c751e8b465ee728b)
Start importing Assets/Anim/AnimController using Guid(9e311088c2ea1404b8427baeaa58acb4) Importer(815301076,1909f56bfc062723c751e8b465ee728b)  -> (artifact id: '7ccbaceac10397f99f58140b1c55824b') in 0.004110 seconds 
========================================================================
Received Prepare
Registering precompiled user dll's ...
Registered in 0.041440 seconds.
Begin MonoManager ReloadAssembly
Symbol file LoadedFromMemory doesn't match image E:\study\UnityPro\BattleCityRemake\Library\PackageCache\com.unity.visualscripting@1.7.2\Editor\VisualScripting.Core\Dependencies\YamlDotNet\Unity.VisualScripting.YamlDotNet.dll
Symbol file LoadedFromMemory doesn't match image E:\study\UnityPro\BattleCityRemake\Library\PackageCache\com.unity.visualscripting@1.7.2\Editor\VisualScripting.Core\Dependencies\DotNetZip\Unity.VisualScripting.IonicZip.dll
Native extension for WindowsStandalone target not found
Refreshing native plugins compatible for Editor in 1.21 ms, found 4 plugins.
Preloading 0 native plugins for Editor in 0.00 ms.
Mono: successfully reloaded assembly
- Completed reload, in  2.195 seconds
Domain Reload Profiling:
	ReloadAssembly (2195ms)
		BeginReloadAssembly (322ms)
			ExecutionOrderSort (0ms)
			DisableScriptedObjects (15ms)
			BackupInstance (0ms)
			ReleaseScriptingObjects (0ms)
			CreateAndSetChildDomain (68ms)
		EndReloadAssembly (1665ms)
			LoadAssemblies (238ms)
			RebuildTransferFunctionScriptingTraits (0ms)
			SetupTypeCache (389ms)
			ReleaseScriptCaches (2ms)
			RebuildScriptCaches (74ms)
			SetupLoadedEditorAssemblies (810ms)
				LogAssemblyErrors (0ms)
				InitializePlatformSupportModulesInManaged (20ms)
				SetLoadedEditorAssemblies (1ms)
				RefreshPlugins (1ms)
				BeforeProcessingInitializeOnLoad (131ms)
				ProcessInitializeOnLoadAttributes (573ms)
				ProcessInitializeOnLoadMethodAttributes (45ms)
				AfterProcessingInitializeOnLoad (40ms)
				EditorAssembliesLoaded (0ms)
			ExecutionOrderSort2 (0ms)
			AwakeInstancesAfterBackupRestoration (24ms)
Platform modules already initialized, skipping
Refreshing native plugins compatible for Editor in 1.09 ms, found 4 plugins.
Preloading 0 native plugins for Editor in 0.00 ms.
Unloading 3881 Unused Serialized files (Serialized files now loaded: 0)
Unloading 26 unused Assets / (25.3 KB). Loaded Objects now: 4465.
Memory consumption went from 156.0 MB to 156.0 MB.
Total: 4.343100 ms (FindLiveObjects: 0.393900 ms CreateObjectMapping: 0.314600 ms MarkObjects: 3.598600 ms  DeleteObjects: 0.034400 ms)

AssetImportParameters requested are different than current active one (requested -> active):
  custom:video-decoder-ogg-theora: a1e56fd34408186e4bbccfd4996cb3dc -> 
  custom:container-muxer-webm: aa71ff27fc2769a1b78a27578f13a17b -> 
  custom:container-demuxer-webm: 4f35f7cbe854078d1ac9338744f61a02 -> 
  custom:video-encoder-webm-vp8: eb34c28f22e8b96e1ab97ce403110664 -> 
  custom:audio-encoder-webm-vorbis: bf7c407c2cedff20999df2af8eb42d56 -> 
  custom:framework-win-MediaFoundation: 216162199b28c13a410421893ffa2e32 -> 
  custom:container-demuxer-ogg: 62fdf1f143b41e24485cea50d1cbac27 -> 
  custom:video-decoder-webm-vp8: 9c59270c3fd7afecdb556c50c9e8de78 -> 
  custom:audio-decoder-ogg-vorbis: bf7c407c2cedff20999df2af8eb42d56 -> 
========================================================================
Received Import Request.
  Time since last request: 179.855061 seconds.
  path: Assets/Born_0.controller
  artifactKey: Guid(6631a68e7612b464ba127a95d40a2f70) Importer(815301076,1909f56bfc062723c751e8b465ee728b)
Start importing Assets/Born_0.controller using Guid(6631a68e7612b464ba127a95d40a2f70) Importer(815301076,1909f56bfc062723c751e8b465ee728b)  -> (artifact id: '785dc2c5f967f570715b7771ebace4e1') in 0.023095 seconds 
========================================================================
Received Import Request.
  Time since last request: 1.847523 seconds.
  path: Assets/PlayerBorn.anim
  artifactKey: Guid(6d807eea73f1e4245b81f66546add340) Importer(815301076,1909f56bfc062723c751e8b465ee728b)
Start importing Assets/PlayerBorn.anim using Guid(6d807eea73f1e4245b81f66546add340) Importer(815301076,1909f56bfc062723c751e8b465ee728b)  -> (artifact id: '3ff15962753496e3b59ee3375c60f973') in 0.008055 seconds 
========================================================================
Received Import Request.
  Time since last request: 15.930423 seconds.
  path: Assets/PlayerBornController.anim
  artifactKey: Guid(6d807eea73f1e4245b81f66546add340) Importer(815301076,1909f56bfc062723c751e8b465ee728b)
Start importing Assets/PlayerBornController.anim using Guid(6d807eea73f1e4245b81f66546add340) Importer(815301076,1909f56bfc062723c751e8b465ee728b)  -> (artifact id: '83a209094bad9e6af1f6a585f9cf3f2c') in 0.005479 seconds 
========================================================================
Received Import Request.
  Time since last request: 9.655460 seconds.
  path: Assets/PlayerBorn.controller
  artifactKey: Guid(6631a68e7612b464ba127a95d40a2f70) Importer(815301076,1909f56bfc062723c751e8b465ee728b)
Start importing Assets/PlayerBorn.controller using Guid(6631a68e7612b464ba127a95d40a2f70) Importer(815301076,1909f56bfc062723c751e8b465ee728b)  -> (artifact id: '87c664a959fd4f9a1d881bb740b65e45') in 0.005281 seconds 
========================================================================
Received Import Request.
  Time since last request: 54.531295 seconds.
  path: Assets/Prefabs/Effect
  artifactKey: Guid(9d5892fd65fddf746899a092ee702cce) Importer(815301076,1909f56bfc062723c751e8b465ee728b)
Start importing Assets/Prefabs/Effect using Guid(9d5892fd65fddf746899a092ee702cce) Importer(815301076,1909f56bfc062723c751e8b465ee728b)  -> (artifact id: '222cd6cbe022ad929f929256ff12b320') in 0.005237 seconds 
========================================================================
Received Import Request.
  Time since last request: 2.324450 seconds.
  path: Assets/Prefabs/PlayerBorn.prefab
  artifactKey: Guid(61ece33a466a8a24cb451dda13007d45) Importer(815301076,1909f56bfc062723c751e8b465ee728b)
Start importing Assets/Prefabs/PlayerBorn.prefab using Guid(61ece33a466a8a24cb451dda13007d45) Importer(815301076,1909f56bfc062723c751e8b465ee728b)  -> (artifact id: 'e28a189428637da5d258aec683ee6cb7') in 0.071811 seconds 
========================================================================
Received Import Request.
  Time since last request: 35.033881 seconds.
  path: Assets/GameResource/Graphics/Flag.bmp
  artifactKey: Guid(3b3425979a79d8646bcf1970dbfcbc2e) Importer(815301076,1909f56bfc062723c751e8b465ee728b)
Start importing Assets/GameResource/Graphics/Flag.bmp using Guid(3b3425979a79d8646bcf1970dbfcbc2e) Importer(815301076,1909f56bfc062723c751e8b465ee728b)  -> (artifact id: '6391a48c3cf340efe87d7d0b09ab23f2') in 0.044839 seconds 
========================================================================
Received Import Request.
  Time since last request: 26.748738 seconds.
  path: Assets/Explosion.anim
  artifactKey: Guid(9f11ff4641764d940af73f988004c92a) Importer(815301076,1909f56bfc062723c751e8b465ee728b)
Start importing Assets/Explosion.anim using Guid(9f11ff4641764d940af73f988004c92a) Importer(815301076,1909f56bfc062723c751e8b465ee728b)  -> (artifact id: '21799b4db676de2fe2de3017401945ff') in 0.005259 seconds 
========================================================================
Received Import Request.
  Time since last request: 0.509678 seconds.
  path: Assets/Explode1.controller
  artifactKey: Guid(e791edcc863a5f540b567794310ed865) Importer(815301076,1909f56bfc062723c751e8b465ee728b)
Start importing Assets/Explode1.controller using Guid(e791edcc863a5f540b567794310ed865) Importer(815301076,1909f56bfc062723c751e8b465ee728b)  -> (artifact id: '734c3d4c39ea755953323b139d59b118') in 0.004561 seconds 
========================================================================
Received Import Request.
  Time since last request: 8.649512 seconds.
  path: Assets/Anim/Animation/Anim_PlayerBorn.controller
  artifactKey: Guid(6631a68e7612b464ba127a95d40a2f70) Importer(815301076,1909f56bfc062723c751e8b465ee728b)
Start importing Assets/Anim/Animation/Anim_PlayerBorn.controller using Guid(6631a68e7612b464ba127a95d40a2f70) Importer(815301076,1909f56bfc062723c751e8b465ee728b)  -> (artifact id: '7abe4f4c493e76c9e78de5598f01ec3b') in 0.006271 seconds 
========================================================================
Received Import Request.
  Time since last request: 10.036442 seconds.
  path: Assets/Anim/AnimController/AnimCtrl_PlayerBornController.anim
  artifactKey: Guid(6d807eea73f1e4245b81f66546add340) Importer(815301076,1909f56bfc062723c751e8b465ee728b)
Start importing Assets/Anim/AnimController/AnimCtrl_PlayerBornController.anim using Guid(6d807eea73f1e4245b81f66546add340) Importer(815301076,1909f56bfc062723c751e8b465ee728b)  -> (artifact id: '03b6001ea7f6628c8e51eee479f660ef') in 0.005088 seconds 
========================================================================
Received Import Request.
  Time since last request: 16.411148 seconds.
  path: Assets/Anim_Explosion.controller
  artifactKey: Guid(e791edcc863a5f540b567794310ed865) Importer(815301076,1909f56bfc062723c751e8b465ee728b)
Start importing Assets/Anim_Explosion.controller using Guid(e791edcc863a5f540b567794310ed865) Importer(815301076,1909f56bfc062723c751e8b465ee728b)  -> (artifact id: '734f3301e39bc8439e91c44044e327be') in 0.005956 seconds 
========================================================================
Received Prepare
Registering precompiled user dll's ...
Registered in 0.037185 seconds.
Begin MonoManager ReloadAssembly
Symbol file LoadedFromMemory doesn't match image E:\study\UnityPro\BattleCityRemake\Library\PackageCache\com.unity.visualscripting@1.7.2\Editor\VisualScripting.Core\Dependencies\YamlDotNet\Unity.VisualScripting.YamlDotNet.dll
Symbol file LoadedFromMemory doesn't match image E:\study\UnityPro\BattleCityRemake\Library\PackageCache\com.unity.visualscripting@1.7.2\Editor\VisualScripting.Core\Dependencies\DotNetZip\Unity.VisualScripting.IonicZip.dll
Native extension for WindowsStandalone target not found
Refreshing native plugins compatible for Editor in 1.03 ms, found 4 plugins.
Preloading 0 native plugins for Editor in 0.00 ms.
Mono: successfully reloaded assembly
- Completed reload, in  1.977 seconds
Domain Reload Profiling:
	ReloadAssembly (1978ms)
		BeginReloadAssembly (268ms)
			ExecutionOrderSort (0ms)
			DisableScriptedObjects (12ms)
			BackupInstance (0ms)
			ReleaseScriptingObjects (0ms)
			CreateAndSetChildDomain (58ms)
		EndReloadAssembly (1505ms)
			LoadAssemblies (217ms)
			RebuildTransferFunctionScriptingTraits (0ms)
			SetupTypeCache (357ms)
			ReleaseScriptCaches (2ms)
			RebuildScriptCaches (63ms)
			SetupLoadedEditorAssemblies (713ms)
				LogAssemblyErrors (0ms)
				InitializePlatformSupportModulesInManaged (19ms)
				SetLoadedEditorAssemblies (1ms)
				RefreshPlugins (1ms)
				BeforeProcessingInitializeOnLoad (123ms)
				ProcessInitializeOnLoadAttributes (496ms)
				ProcessInitializeOnLoadMethodAttributes (41ms)
				AfterProcessingInitializeOnLoad (33ms)
				EditorAssembliesLoaded (0ms)
			ExecutionOrderSort2 (0ms)
			AwakeInstancesAfterBackupRestoration (22ms)
Platform modules already initialized, skipping
Refreshing native plugins compatible for Editor in 1.15 ms, found 4 plugins.
Preloading 0 native plugins for Editor in 0.00 ms.
Unloading 3876 Unused Serialized files (Serialized files now loaded: 0)
Unloading 26 unused Assets / (25.6 KB). Loaded Objects now: 4485.
Memory consumption went from 156.3 MB to 156.2 MB.
Total: 4.434600 ms (FindLiveObjects: 0.409700 ms CreateObjectMapping: 0.351400 ms MarkObjects: 3.641100 ms  DeleteObjects: 0.031200 ms)

AssetImportParameters requested are different than current active one (requested -> active):
  custom:video-decoder-ogg-theora: a1e56fd34408186e4bbccfd4996cb3dc -> 
  custom:container-muxer-webm: aa71ff27fc2769a1b78a27578f13a17b -> 
  custom:container-demuxer-webm: 4f35f7cbe854078d1ac9338744f61a02 -> 
  custom:video-encoder-webm-vp8: eb34c28f22e8b96e1ab97ce403110664 -> 
  custom:audio-encoder-webm-vorbis: bf7c407c2cedff20999df2af8eb42d56 -> 
  custom:framework-win-MediaFoundation: 216162199b28c13a410421893ffa2e32 -> 
  custom:container-demuxer-ogg: 62fdf1f143b41e24485cea50d1cbac27 -> 
  custom:video-decoder-webm-vp8: 9c59270c3fd7afecdb556c50c9e8de78 -> 
  custom:audio-decoder-ogg-vorbis: bf7c407c2cedff20999df2af8eb42d56 -> 
========================================================================
Received Prepare
Registering precompiled user dll's ...
Registered in 0.038819 seconds.
Begin MonoManager ReloadAssembly
Symbol file LoadedFromMemory doesn't match image E:\study\UnityPro\BattleCityRemake\Library\PackageCache\com.unity.visualscripting@1.7.2\Editor\VisualScripting.Core\Dependencies\YamlDotNet\Unity.VisualScripting.YamlDotNet.dll
Symbol file LoadedFromMemory doesn't match image E:\study\UnityPro\BattleCityRemake\Library\PackageCache\com.unity.visualscripting@1.7.2\Editor\VisualScripting.Core\Dependencies\DotNetZip\Unity.VisualScripting.IonicZip.dll
Native extension for WindowsStandalone target not found
Refreshing native plugins compatible for Editor in 1.35 ms, found 4 plugins.
Preloading 0 native plugins for Editor in 0.00 ms.
Mono: successfully reloaded assembly
- Completed reload, in  2.170 seconds
Domain Reload Profiling:
	ReloadAssembly (2171ms)
		BeginReloadAssembly (276ms)
			ExecutionOrderSort (0ms)
			DisableScriptedObjects (11ms)
			BackupInstance (0ms)
			ReleaseScriptingObjects (0ms)
			CreateAndSetChildDomain (54ms)
		EndReloadAssembly (1685ms)
			LoadAssemblies (230ms)
			RebuildTransferFunctionScriptingTraits (0ms)
			SetupTypeCache (363ms)
			ReleaseScriptCaches (2ms)
			RebuildScriptCaches (77ms)
			SetupLoadedEditorAssemblies (832ms)
				LogAssemblyErrors (0ms)
				InitializePlatformSupportModulesInManaged (23ms)
				SetLoadedEditorAssemblies (1ms)
				RefreshPlugins (2ms)
				BeforeProcessingInitializeOnLoad (151ms)
				ProcessInitializeOnLoadAttributes (571ms)
				ProcessInitializeOnLoadMethodAttributes (48ms)
				AfterProcessingInitializeOnLoad (36ms)
				EditorAssembliesLoaded (0ms)
			ExecutionOrderSort2 (0ms)
			AwakeInstancesAfterBackupRestoration (26ms)
Platform modules already initialized, skipping
Refreshing native plugins compatible for Editor in 1.11 ms, found 4 plugins.
Preloading 0 native plugins for Editor in 0.00 ms.
Unloading 3875 Unused Serialized files (Serialized files now loaded: 0)
Unloading 26 unused Assets / (24.6 KB). Loaded Objects now: 4488.
Memory consumption went from 156.2 MB to 156.2 MB.
Total: 4.784900 ms (FindLiveObjects: 0.426700 ms CreateObjectMapping: 0.383600 ms MarkObjects: 3.941100 ms  DeleteObjects: 0.031300 ms)

AssetImportParameters requested are different than current active one (requested -> active):
  custom:video-decoder-ogg-theora: a1e56fd34408186e4bbccfd4996cb3dc -> 
  custom:container-muxer-webm: aa71ff27fc2769a1b78a27578f13a17b -> 
  custom:container-demuxer-webm: 4f35f7cbe854078d1ac9338744f61a02 -> 
  custom:video-encoder-webm-vp8: eb34c28f22e8b96e1ab97ce403110664 -> 
  custom:audio-encoder-webm-vorbis: bf7c407c2cedff20999df2af8eb42d56 -> 
  custom:framework-win-MediaFoundation: 216162199b28c13a410421893ffa2e32 -> 
  custom:container-demuxer-ogg: 62fdf1f143b41e24485cea50d1cbac27 -> 
  custom:video-decoder-webm-vp8: 9c59270c3fd7afecdb556c50c9e8de78 -> 
  custom:audio-decoder-ogg-vorbis: bf7c407c2cedff20999df2af8eb42d56 -> 
========================================================================
Received Prepare
Registering precompiled user dll's ...
Registered in 0.037977 seconds.
Begin MonoManager ReloadAssembly
Symbol file LoadedFromMemory doesn't match image E:\study\UnityPro\BattleCityRemake\Library\PackageCache\com.unity.visualscripting@1.7.2\Editor\VisualScripting.Core\Dependencies\YamlDotNet\Unity.VisualScripting.YamlDotNet.dll
Symbol file LoadedFromMemory doesn't match image E:\study\UnityPro\BattleCityRemake\Library\PackageCache\com.unity.visualscripting@1.7.2\Editor\VisualScripting.Core\Dependencies\DotNetZip\Unity.VisualScripting.IonicZip.dll
Native extension for WindowsStandalone target not found
Refreshing native plugins compatible for Editor in 1.38 ms, found 4 plugins.
Preloading 0 native plugins for Editor in 0.00 ms.
Mono: successfully reloaded assembly
- Completed reload, in  2.190 seconds
Domain Reload Profiling:
	ReloadAssembly (2191ms)
		BeginReloadAssembly (274ms)
			ExecutionOrderSort (0ms)
			DisableScriptedObjects (12ms)
			BackupInstance (0ms)
			ReleaseScriptingObjects (0ms)
			CreateAndSetChildDomain (53ms)
		EndReloadAssembly (1686ms)
			LoadAssemblies (218ms)
			RebuildTransferFunctionScriptingTraits (0ms)
			SetupTypeCache (352ms)
			ReleaseScriptCaches (2ms)
			RebuildScriptCaches (73ms)
			SetupLoadedEditorAssemblies (842ms)
				LogAssemblyErrors (0ms)
				InitializePlatformSupportModulesInManaged (25ms)
				SetLoadedEditorAssemblies (1ms)
				RefreshPlugins (2ms)
				BeforeProcessingInitializeOnLoad (153ms)
				ProcessInitializeOnLoadAttributes (573ms)
				ProcessInitializeOnLoadMethodAttributes (51ms)
				AfterProcessingInitializeOnLoad (38ms)
				EditorAssembliesLoaded (0ms)
			ExecutionOrderSort2 (0ms)
			AwakeInstancesAfterBackupRestoration (24ms)
Platform modules already initialized, skipping
Refreshing native plugins compatible for Editor in 1.04 ms, found 4 plugins.
Preloading 0 native plugins for Editor in 0.00 ms.
Unloading 3875 Unused Serialized files (Serialized files now loaded: 0)
Unloading 26 unused Assets / (24.6 KB). Loaded Objects now: 4491.
Memory consumption went from 156.2 MB to 156.2 MB.
Total: 4.796900 ms (FindLiveObjects: 0.399500 ms CreateObjectMapping: 0.326000 ms MarkObjects: 4.038100 ms  DeleteObjects: 0.031600 ms)

AssetImportParameters requested are different than current active one (requested -> active):
  custom:video-decoder-ogg-theora: a1e56fd34408186e4bbccfd4996cb3dc -> 
  custom:container-muxer-webm: aa71ff27fc2769a1b78a27578f13a17b -> 
  custom:container-demuxer-webm: 4f35f7cbe854078d1ac9338744f61a02 -> 
  custom:video-encoder-webm-vp8: eb34c28f22e8b96e1ab97ce403110664 -> 
  custom:audio-encoder-webm-vorbis: bf7c407c2cedff20999df2af8eb42d56 -> 
  custom:framework-win-MediaFoundation: 216162199b28c13a410421893ffa2e32 -> 
  custom:container-demuxer-ogg: 62fdf1f143b41e24485cea50d1cbac27 -> 
  custom:video-decoder-webm-vp8: 9c59270c3fd7afecdb556c50c9e8de78 -> 
  custom:audio-decoder-ogg-vorbis: bf7c407c2cedff20999df2af8eb42d56 -> 
========================================================================
Received Import Request.
  Time since last request: 49.492101 seconds.
  path: Assets/AnimCtrl_Explosion.anim
  artifactKey: Guid(9f11ff4641764d940af73f988004c92a) Importer(815301076,1909f56bfc062723c751e8b465ee728b)
Start importing Assets/AnimCtrl_Explosion.anim using Guid(9f11ff4641764d940af73f988004c92a) Importer(815301076,1909f56bfc062723c751e8b465ee728b)  -> (artifact id: 'afc18a74d0e37cdf1a4ee857f27fa9d7') in 0.019551 seconds 
========================================================================
Received Import Request.
  Time since last request: 9.017934 seconds.
  path: Assets/Prefabs/Effect/PlayerBorn.prefab
  artifactKey: Guid(61ece33a466a8a24cb451dda13007d45) Importer(815301076,1909f56bfc062723c751e8b465ee728b)
Start importing Assets/Prefabs/Effect/PlayerBorn.prefab using Guid(61ece33a466a8a24cb451dda13007d45) Importer(815301076,1909f56bfc062723c751e8b465ee728b)  -> (artifact id: '9860510b2850998b71a6caccf3aeb26d') in 0.064628 seconds 
========================================================================
Received Import Request.
  Time since last request: 6.565539 seconds.
  path: Assets/Prefabs/Effect/Effect_PlayerBorn.prefab
  artifactKey: Guid(61ece33a466a8a24cb451dda13007d45) Importer(815301076,1909f56bfc062723c751e8b465ee728b)
Start importing Assets/Prefabs/Effect/Effect_PlayerBorn.prefab using Guid(61ece33a466a8a24cb451dda13007d45) Importer(815301076,1909f56bfc062723c751e8b465ee728b)  -> (artifact id: 'cf103cacbea6d353b8e360d1f2297a8a') in 0.019697 seconds 
========================================================================
Received Import Request.
  Time since last request: 21.589775 seconds.
  path: Assets/Prefabs/Effect/Explosion.prefab
  artifactKey: Guid(e168b80e4edebf441aa6c3eb66fe7b8a) Importer(815301076,1909f56bfc062723c751e8b465ee728b)
Start importing Assets/Prefabs/Effect/Explosion.prefab using Guid(e168b80e4edebf441aa6c3eb66fe7b8a) Importer(815301076,1909f56bfc062723c751e8b465ee728b)  -> (artifact id: 'f31f8e3b360cc8ceb173c80252fb2ca0') in 0.020746 seconds 
========================================================================
Received Prepare
Registering precompiled user dll's ...
Registered in 0.035837 seconds.
Begin MonoManager ReloadAssembly
Symbol file LoadedFromMemory doesn't match image E:\study\UnityPro\BattleCityRemake\Library\PackageCache\com.unity.visualscripting@1.7.2\Editor\VisualScripting.Core\Dependencies\YamlDotNet\Unity.VisualScripting.YamlDotNet.dll
Symbol file LoadedFromMemory doesn't match image E:\study\UnityPro\BattleCityRemake\Library\PackageCache\com.unity.visualscripting@1.7.2\Editor\VisualScripting.Core\Dependencies\DotNetZip\Unity.VisualScripting.IonicZip.dll
Native extension for WindowsStandalone target not found
Refreshing native plugins compatible for Editor in 1.07 ms, found 4 plugins.
Preloading 0 native plugins for Editor in 0.00 ms.
Mono: successfully reloaded assembly
- Completed reload, in  2.055 seconds
Domain Reload Profiling:
	ReloadAssembly (2057ms)
		BeginReloadAssembly (276ms)
			ExecutionOrderSort (0ms)
			DisableScriptedObjects (11ms)
			BackupInstance (0ms)
			ReleaseScriptingObjects (0ms)
			CreateAndSetChildDomain (55ms)
		EndReloadAssembly (1572ms)
			LoadAssemblies (223ms)
			RebuildTransferFunctionScriptingTraits (0ms)
			SetupTypeCache (359ms)
			ReleaseScriptCaches (2ms)
			RebuildScriptCaches (71ms)
			SetupLoadedEditorAssemblies (762ms)
				LogAssemblyErrors (0ms)
				InitializePlatformSupportModulesInManaged (19ms)
				SetLoadedEditorAssemblies (1ms)
				RefreshPlugins (1ms)
				BeforeProcessingInitializeOnLoad (126ms)
				ProcessInitializeOnLoadAttributes (538ms)
				ProcessInitializeOnLoadMethodAttributes (44ms)
				AfterProcessingInitializeOnLoad (32ms)
				EditorAssembliesLoaded (0ms)
			ExecutionOrderSort2 (0ms)
			AwakeInstancesAfterBackupRestoration (23ms)
Platform modules already initialized, skipping
Refreshing native plugins compatible for Editor in 1.09 ms, found 4 plugins.
Preloading 0 native plugins for Editor in 0.00 ms.
Unloading 3875 Unused Serialized files (Serialized files now loaded: 0)
Unloading 26 unused Assets / (24.6 KB). Loaded Objects now: 4494.
Memory consumption went from 156.3 MB to 156.3 MB.
Total: 4.715800 ms (FindLiveObjects: 0.411100 ms CreateObjectMapping: 0.307400 ms MarkObjects: 3.966700 ms  DeleteObjects: 0.029100 ms)

AssetImportParameters requested are different than current active one (requested -> active):
  custom:video-decoder-ogg-theora: a1e56fd34408186e4bbccfd4996cb3dc -> 
  custom:container-muxer-webm: aa71ff27fc2769a1b78a27578f13a17b -> 
  custom:container-demuxer-webm: 4f35f7cbe854078d1ac9338744f61a02 -> 
  custom:video-encoder-webm-vp8: eb34c28f22e8b96e1ab97ce403110664 -> 
  custom:audio-encoder-webm-vorbis: bf7c407c2cedff20999df2af8eb42d56 -> 
  custom:framework-win-MediaFoundation: 216162199b28c13a410421893ffa2e32 -> 
  custom:container-demuxer-ogg: 62fdf1f143b41e24485cea50d1cbac27 -> 
  custom:video-decoder-webm-vp8: 9c59270c3fd7afecdb556c50c9e8de78 -> 
  custom:audio-decoder-ogg-vorbis: bf7c407c2cedff20999df2af8eb42d56 -> 
========================================================================
Received Import Request.
  Time since last request: 61.626030 seconds.
  path: Assets/Prefabs/Effect/Effect_Explosion.prefab
  artifactKey: Guid(72a4092d6a0011f459163b28454ede3b) Importer(815301076,1909f56bfc062723c751e8b465ee728b)
Start importing Assets/Prefabs/Effect/Effect_Explosion.prefab using Guid(72a4092d6a0011f459163b28454ede3b) Importer(815301076,1909f56bfc062723c751e8b465ee728b)  -> (artifact id: '9e03b1154d64ad549937c161912389bc') in 0.083043 seconds 
========================================================================
Received Import Request.
  Time since last request: 61.147712 seconds.
  path: Assets/GameResource
  artifactKey: Guid(99a6935ba72f0c04e91aa5406607730a) Importer(815301076,1909f56bfc062723c751e8b465ee728b)
Start importing Assets/GameResource using Guid(99a6935ba72f0c04e91aa5406607730a) Importer(815301076,1909f56bfc062723c751e8b465ee728b)  -> (artifact id: 'd5dd9b147c91903f6345a9f38b0d80f2') in 0.003946 seconds 
========================================================================
Received Import Request.
  Time since last request: 9.815242 seconds.
  path: Assets/GameResource/Graphics/Shield.bmp
  artifactKey: Guid(70b916daf54e6794a9ea2551f199f9b7) Importer(815301076,1909f56bfc062723c751e8b465ee728b)
Start importing Assets/GameResource/Graphics/Shield.bmp using Guid(70b916daf54e6794a9ea2551f199f9b7) Importer(815301076,1909f56bfc062723c751e8b465ee728b)  -> (artifact id: '3867458a65e4ed1afd591492e92ff46d') in 0.045617 seconds 
========================================================================
Received Import Request.
  Time since last request: 44.579493 seconds.
  path: Assets/Anim_Shield.anim
  artifactKey: Guid(03ffaa08043daf94cae68c685a0e5395) Importer(815301076,1909f56bfc062723c751e8b465ee728b)
Start importing Assets/Anim_Shield.anim using Guid(03ffaa08043daf94cae68c685a0e5395) Importer(815301076,1909f56bfc062723c751e8b465ee728b)  -> (artifact id: 'a92b89b9b93d56e118e59a003a9fd3d2') in 0.005422 seconds 
========================================================================
Received Import Request.
  Time since last request: 1.475338 seconds.
  path: Assets/Shield_0.controller
  artifactKey: Guid(c4196172ca7ebf949a89693f7198c5ea) Importer(815301076,1909f56bfc062723c751e8b465ee728b)
Start importing Assets/Shield_0.controller using Guid(c4196172ca7ebf949a89693f7198c5ea) Importer(815301076,1909f56bfc062723c751e8b465ee728b)  -> (artifact id: 'c32bca8a7f0b18025e9e3582e003e423') in 0.005412 seconds 
========================================================================
Received Import Request.
  Time since last request: 18.851426 seconds.
  path: Assets/Anim/Animation/AnimCtrl_Explosion.controller
  artifactKey: Guid(e791edcc863a5f540b567794310ed865) Importer(815301076,1909f56bfc062723c751e8b465ee728b)
Start importing Assets/Anim/Animation/AnimCtrl_Explosion.controller using Guid(e791edcc863a5f540b567794310ed865) Importer(815301076,1909f56bfc062723c751e8b465ee728b)  -> (artifact id: 'a211f96b149acf229702031954313a7a') in 0.005695 seconds 
========================================================================
Received Import Request.
  Time since last request: 6.476191 seconds.
  path: Assets/Anim/Animation/AnimCtrl_PlayerBorn.controller
  artifactKey: Guid(6631a68e7612b464ba127a95d40a2f70) Importer(815301076,1909f56bfc062723c751e8b465ee728b)
Start importing Assets/Anim/Animation/AnimCtrl_PlayerBorn.controller using Guid(6631a68e7612b464ba127a95d40a2f70) Importer(815301076,1909f56bfc062723c751e8b465ee728b)  -> (artifact id: '76c196f139c6b3b0fba4d536675570a2') in 0.005873 seconds 
========================================================================
Received Import Request.
  Time since last request: 4.820418 seconds.
  path: Assets/Anim/AnimController/Anim_Explosion.anim
  artifactKey: Guid(9f11ff4641764d940af73f988004c92a) Importer(815301076,1909f56bfc062723c751e8b465ee728b)
Start importing Assets/Anim/AnimController/Anim_Explosion.anim using Guid(9f11ff4641764d940af73f988004c92a) Importer(815301076,1909f56bfc062723c751e8b465ee728b)  -> (artifact id: 'e3a77697007e2e8f5d6c3ee2bc916ff1') in 0.004661 seconds 
========================================================================
Received Import Request.
  Time since last request: 2.872334 seconds.
  path: Assets/Anim/AnimController/Anim_PlayerBornController.anim
  artifactKey: Guid(6d807eea73f1e4245b81f66546add340) Importer(815301076,1909f56bfc062723c751e8b465ee728b)
Start importing Assets/Anim/AnimController/Anim_PlayerBornController.anim using Guid(6d807eea73f1e4245b81f66546add340) Importer(815301076,1909f56bfc062723c751e8b465ee728b)  -> (artifact id: 'b5d1813730a071e42348f7f224d9fd2a') in 0.005266 seconds 
========================================================================
Received Import Request.
  Time since last request: 48.710733 seconds.
  path: Assets/Anim/AnimController/AnimCtrl_Shield.controller
  artifactKey: Guid(c4196172ca7ebf949a89693f7198c5ea) Importer(815301076,1909f56bfc062723c751e8b465ee728b)
Start importing Assets/Anim/AnimController/AnimCtrl_Shield.controller using Guid(c4196172ca7ebf949a89693f7198c5ea) Importer(815301076,1909f56bfc062723c751e8b465ee728b)  -> (artifact id: '9a199d67a92d522c745a9896019eeaa3') in 0.005761 seconds 
========================================================================
Received Prepare
Registering precompiled user dll's ...
Registered in 0.036086 seconds.
Begin MonoManager ReloadAssembly
Symbol file LoadedFromMemory doesn't match image E:\study\UnityPro\BattleCityRemake\Library\PackageCache\com.unity.visualscripting@1.7.2\Editor\VisualScripting.Core\Dependencies\YamlDotNet\Unity.VisualScripting.YamlDotNet.dll
Symbol file LoadedFromMemory doesn't match image E:\study\UnityPro\BattleCityRemake\Library\PackageCache\com.unity.visualscripting@1.7.2\Editor\VisualScripting.Core\Dependencies\DotNetZip\Unity.VisualScripting.IonicZip.dll
Native extension for WindowsStandalone target not found
Refreshing native plugins compatible for Editor in 1.04 ms, found 4 plugins.
Preloading 0 native plugins for Editor in 0.00 ms.
Mono: successfully reloaded assembly
- Completed reload, in  2.084 seconds
Domain Reload Profiling:
	ReloadAssembly (2085ms)
		BeginReloadAssembly (283ms)
			ExecutionOrderSort (0ms)
			DisableScriptedObjects (13ms)
			BackupInstance (0ms)
			ReleaseScriptingObjects (0ms)
			CreateAndSetChildDomain (60ms)
		EndReloadAssembly (1602ms)
			LoadAssemblies (222ms)
			RebuildTransferFunctionScriptingTraits (0ms)
			SetupTypeCache (368ms)
			ReleaseScriptCaches (2ms)
			RebuildScriptCaches (67ms)
			SetupLoadedEditorAssemblies (781ms)
				LogAssemblyErrors (0ms)
				InitializePlatformSupportModulesInManaged (19ms)
				SetLoadedEditorAssemblies (1ms)
				RefreshPlugins (1ms)
				BeforeProcessingInitializeOnLoad (128ms)
				ProcessInitializeOnLoadAttributes (551ms)
				ProcessInitializeOnLoadMethodAttributes (46ms)
				AfterProcessingInitializeOnLoad (35ms)
				EditorAssembliesLoaded (0ms)
			ExecutionOrderSort2 (0ms)
			AwakeInstancesAfterBackupRestoration (24ms)
Platform modules already initialized, skipping
Refreshing native plugins compatible for Editor in 1.06 ms, found 4 plugins.
Preloading 0 native plugins for Editor in 0.00 ms.
Unloading 3876 Unused Serialized files (Serialized files now loaded: 0)
Unloading 26 unused Assets / (24.7 KB). Loaded Objects now: 4513.
Memory consumption went from 157.2 MB to 157.1 MB.
Total: 5.239300 ms (FindLiveObjects: 0.408700 ms CreateObjectMapping: 0.479200 ms MarkObjects: 4.317900 ms  DeleteObjects: 0.031800 ms)

AssetImportParameters requested are different than current active one (requested -> active):
  custom:video-decoder-ogg-theora: a1e56fd34408186e4bbccfd4996cb3dc -> 
  custom:container-muxer-webm: aa71ff27fc2769a1b78a27578f13a17b -> 
  custom:container-demuxer-webm: 4f35f7cbe854078d1ac9338744f61a02 -> 
  custom:video-encoder-webm-vp8: eb34c28f22e8b96e1ab97ce403110664 -> 
  custom:audio-encoder-webm-vorbis: bf7c407c2cedff20999df2af8eb42d56 -> 
  custom:framework-win-MediaFoundation: 216162199b28c13a410421893ffa2e32 -> 
  custom:container-demuxer-ogg: 62fdf1f143b41e24485cea50d1cbac27 -> 
  custom:video-decoder-webm-vp8: 9c59270c3fd7afecdb556c50c9e8de78 -> 
  custom:audio-decoder-ogg-vorbis: bf7c407c2cedff20999df2af8eb42d56 -> 
========================================================================
Received Import Request.
  Time since last request: 287.088451 seconds.
  path: Assets/Prefabs/Effect/Effect_Shield.prefab
  artifactKey: Guid(4dcf8bb329525734bae1eb67f1c07ece) Importer(815301076,1909f56bfc062723c751e8b465ee728b)
Start importing Assets/Prefabs/Effect/Effect_Shield.prefab using Guid(4dcf8bb329525734bae1eb67f1c07ece) Importer(815301076,1909f56bfc062723c751e8b465ee728b)  -> (artifact id: '98661959494dd05540abda68cd9f9cb7') in 0.082575 seconds 
========================================================================
Received Prepare
Registering precompiled user dll's ...
Registered in 0.036063 seconds.
Begin MonoManager ReloadAssembly
Symbol file LoadedFromMemory doesn't match image E:\study\UnityPro\BattleCityRemake\Library\PackageCache\com.unity.visualscripting@1.7.2\Editor\VisualScripting.Core\Dependencies\YamlDotNet\Unity.VisualScripting.YamlDotNet.dll
Symbol file LoadedFromMemory doesn't match image E:\study\UnityPro\BattleCityRemake\Library\PackageCache\com.unity.visualscripting@1.7.2\Editor\VisualScripting.Core\Dependencies\DotNetZip\Unity.VisualScripting.IonicZip.dll
Native extension for WindowsStandalone target not found
Refreshing native plugins compatible for Editor in 1.10 ms, found 4 plugins.
Preloading 0 native plugins for Editor in 0.00 ms.
Mono: successfully reloaded assembly
- Completed reload, in  1.994 seconds
Domain Reload Profiling:
	ReloadAssembly (1995ms)
		BeginReloadAssembly (270ms)
			ExecutionOrderSort (0ms)
			DisableScriptedObjects (10ms)
			BackupInstance (0ms)
			ReleaseScriptingObjects (1ms)
			CreateAndSetChildDomain (51ms)
		EndReloadAssembly (1534ms)
			LoadAssemblies (217ms)
			RebuildTransferFunctionScriptingTraits (0ms)
			SetupTypeCache (342ms)
			ReleaseScriptCaches (2ms)
			RebuildScriptCaches (67ms)
			SetupLoadedEditorAssemblies (746ms)
				LogAssemblyErrors (0ms)
				InitializePlatformSupportModulesInManaged (19ms)
				SetLoadedEditorAssemblies (1ms)
				RefreshPlugins (1ms)
				BeforeProcessingInitializeOnLoad (124ms)
				ProcessInitializeOnLoadAttributes (526ms)
				ProcessInitializeOnLoadMethodAttributes (41ms)
				AfterProcessingInitializeOnLoad (34ms)
				EditorAssembliesLoaded (0ms)
			ExecutionOrderSort2 (0ms)
			AwakeInstancesAfterBackupRestoration (22ms)
Platform modules already initialized, skipping
Refreshing native plugins compatible for Editor in 1.01 ms, found 4 plugins.
Preloading 0 native plugins for Editor in 0.00 ms.
Unloading 3875 Unused Serialized files (Serialized files now loaded: 0)
Unloading 26 unused Assets / (24.6 KB). Loaded Objects now: 4516.
Memory consumption went from 157.1 MB to 157.1 MB.
Total: 4.576400 ms (FindLiveObjects: 0.393400 ms CreateObjectMapping: 0.276400 ms MarkObjects: 3.879600 ms  DeleteObjects: 0.025600 ms)

AssetImportParameters requested are different than current active one (requested -> active):
  custom:video-decoder-ogg-theora: a1e56fd34408186e4bbccfd4996cb3dc -> 
  custom:container-muxer-webm: aa71ff27fc2769a1b78a27578f13a17b -> 
  custom:container-demuxer-webm: 4f35f7cbe854078d1ac9338744f61a02 -> 
  custom:video-encoder-webm-vp8: eb34c28f22e8b96e1ab97ce403110664 -> 
  custom:audio-encoder-webm-vorbis: bf7c407c2cedff20999df2af8eb42d56 -> 
  custom:framework-win-MediaFoundation: 216162199b28c13a410421893ffa2e32 -> 
  custom:container-demuxer-ogg: 62fdf1f143b41e24485cea50d1cbac27 -> 
  custom:video-decoder-webm-vp8: 9c59270c3fd7afecdb556c50c9e8de78 -> 
  custom:audio-decoder-ogg-vorbis: bf7c407c2cedff20999df2af8eb42d56 -> 
========================================================================
Received Import Request.
  Time since last request: 84.854172 seconds.
  path: Assets/Anim/Animation/Anim_PlayerBorn.anim
  artifactKey: Guid(6d807eea73f1e4245b81f66546add340) Importer(815301076,1909f56bfc062723c751e8b465ee728b)
Start importing Assets/Anim/Animation/Anim_PlayerBorn.anim using Guid(6d807eea73f1e4245b81f66546add340) Importer(815301076,1909f56bfc062723c751e8b465ee728b)  -> (artifact id: '67e6de55b11f35fc4e57af0392020e27') in 0.020834 seconds 
========================================================================
Received Import Request.
  Time since last request: 6.046063 seconds.
  path: Assets/Prefabs/Effect/Effect_PlayerBorn.prefab
  artifactKey: Guid(61ece33a466a8a24cb451dda13007d45) Importer(815301076,1909f56bfc062723c751e8b465ee728b)
Start importing Assets/Prefabs/Effect/Effect_PlayerBorn.prefab using Guid(61ece33a466a8a24cb451dda13007d45) Importer(815301076,1909f56bfc062723c751e8b465ee728b)  -> (artifact id: 'fcaaf9a40d20a61595e83ac8542e4561') in 0.061934 seconds 
========================================================================
Received Import Request.
  Time since last request: 14.332017 seconds.
  path: Assets/Prefabs/Effect/Effect_Explosion.prefab
  artifactKey: Guid(72a4092d6a0011f459163b28454ede3b) Importer(815301076,1909f56bfc062723c751e8b465ee728b)
Start importing Assets/Prefabs/Effect/Effect_Explosion.prefab using Guid(72a4092d6a0011f459163b28454ede3b) Importer(815301076,1909f56bfc062723c751e8b465ee728b)  -> (artifact id: '92e5952cc6a78b668f1a84478b705a53') in 0.023783 seconds 
========================================================================
Received Import Request.
  Time since last request: 70.467185 seconds.
  path: Assets/Anim/Animation/Anim_River.anim
  artifactKey: Guid(9e41225f30d917441aa0ab6d19573e74) Importer(815301076,1909f56bfc062723c751e8b465ee728b)
Start importing Assets/Anim/Animation/Anim_River.anim using Guid(9e41225f30d917441aa0ab6d19573e74) Importer(815301076,1909f56bfc062723c751e8b465ee728b)  -> (artifact id: '5ad80a3cc23a0b0a104d629082640f6a') in 0.005248 seconds 
========================================================================
Received Import Request.
  Time since last request: 1.247333 seconds.
  path: Assets/Map_4.controller
  artifactKey: Guid(e2c50881ed9be0e4b8c7a178cd2bf17c) Importer(815301076,1909f56bfc062723c751e8b465ee728b)
Start importing Assets/Map_4.controller using Guid(e2c50881ed9be0e4b8c7a178cd2bf17c) Importer(815301076,1909f56bfc062723c751e8b465ee728b)  -> (artifact id: '90099ad52540c10bdbb439bf3352847b') in 0.005596 seconds 
========================================================================
Received Import Request.
  Time since last request: 6.492751 seconds.
  path: Assets/AnimCtrl_River.controller
  artifactKey: Guid(e2c50881ed9be0e4b8c7a178cd2bf17c) Importer(815301076,1909f56bfc062723c751e8b465ee728b)
Start importing Assets/AnimCtrl_River.controller using Guid(e2c50881ed9be0e4b8c7a178cd2bf17c) Importer(815301076,1909f56bfc062723c751e8b465ee728b)  -> (artifact id: '5c2e1e10af115e067be99a2545bef18f') in 0.005605 seconds 
========================================================================
Received Import Request.
  Time since last request: 13.471400 seconds.
  path: Assets/Prefabs/Map/River.prefab
  artifactKey: Guid(2d2acc5b69694214bbfb87aca68205d5) Importer(815301076,1909f56bfc062723c751e8b465ee728b)
Start importing Assets/Prefabs/Map/River.prefab using Guid(2d2acc5b69694214bbfb87aca68205d5) Importer(815301076,1909f56bfc062723c751e8b465ee728b)  -> (artifact id: 'cdb6d105e8389f4fb817b2ba5d00fea8') in 0.021279 seconds 
========================================================================
Received Import Request.
  Time since last request: 8.766757 seconds.
  path: Assets/Prefabs/Map/River.prefab
  artifactKey: Guid(2d2acc5b69694214bbfb87aca68205d5) Importer(815301076,1909f56bfc062723c751e8b465ee728b)
Start importing Assets/Prefabs/Map/River.prefab using Guid(2d2acc5b69694214bbfb87aca68205d5) Importer(815301076,1909f56bfc062723c751e8b465ee728b)  -> (artifact id: '35325c5cd5f09a0f35c9e436069d097d') in 0.018699 seconds 
========================================================================
Received Import Request.
  Time since last request: 0.786661 seconds.
  path: Assets/Prefabs/Map/River.prefab
  artifactKey: Guid(2d2acc5b69694214bbfb87aca68205d5) Importer(815301076,1909f56bfc062723c751e8b465ee728b)
Start importing Assets/Prefabs/Map/River.prefab using Guid(2d2acc5b69694214bbfb87aca68205d5) Importer(815301076,1909f56bfc062723c751e8b465ee728b)  -> (artifact id: '5fd76263d59c17505fb3afe9c1995a07') in 0.021718 seconds 
========================================================================
Received Prepare
Registering precompiled user dll's ...
Registered in 0.037057 seconds.
Begin MonoManager ReloadAssembly
Symbol file LoadedFromMemory doesn't match image E:\study\UnityPro\BattleCityRemake\Library\PackageCache\com.unity.visualscripting@1.7.2\Editor\VisualScripting.Core\Dependencies\YamlDotNet\Unity.VisualScripting.YamlDotNet.dll
Symbol file LoadedFromMemory doesn't match image E:\study\UnityPro\BattleCityRemake\Library\PackageCache\com.unity.visualscripting@1.7.2\Editor\VisualScripting.Core\Dependencies\DotNetZip\Unity.VisualScripting.IonicZip.dll
Native extension for WindowsStandalone target not found
Refreshing native plugins compatible for Editor in 1.05 ms, found 4 plugins.
Preloading 0 native plugins for Editor in 0.00 ms.
Mono: successfully reloaded assembly
- Completed reload, in  1.966 seconds
Domain Reload Profiling:
	ReloadAssembly (1967ms)
		BeginReloadAssembly (262ms)
			ExecutionOrderSort (0ms)
			DisableScriptedObjects (12ms)
			BackupInstance (0ms)
			ReleaseScriptingObjects (0ms)
			CreateAndSetChildDomain (54ms)
		EndReloadAssembly (1508ms)
			LoadAssemblies (210ms)
			RebuildTransferFunctionScriptingTraits (0ms)
			SetupTypeCache (333ms)
			ReleaseScriptCaches (2ms)
			RebuildScriptCaches (68ms)
			SetupLoadedEditorAssemblies (739ms)
				LogAssemblyErrors (0ms)
				InitializePlatformSupportModulesInManaged (19ms)
				SetLoadedEditorAssemblies (1ms)
				RefreshPlugins (1ms)
				BeforeProcessingInitializeOnLoad (120ms)
				ProcessInitializeOnLoadAttributes (517ms)
				ProcessInitializeOnLoadMethodAttributes (45ms)
				AfterProcessingInitializeOnLoad (36ms)
				EditorAssembliesLoaded (0ms)
			ExecutionOrderSort2 (0ms)
			AwakeInstancesAfterBackupRestoration (22ms)
Platform modules already initialized, skipping
Refreshing native plugins compatible for Editor in 1.04 ms, found 4 plugins.
Preloading 0 native plugins for Editor in 0.00 ms.
Unloading 3875 Unused Serialized files (Serialized files now loaded: 0)
Unloading 26 unused Assets / (24.6 KB). Loaded Objects now: 4519.
Memory consumption went from 157.1 MB to 157.1 MB.
Total: 4.720500 ms (FindLiveObjects: 0.389300 ms CreateObjectMapping: 0.391600 ms MarkObjects: 3.911500 ms  DeleteObjects: 0.027100 ms)

AssetImportParameters requested are different than current active one (requested -> active):
  custom:video-decoder-ogg-theora: a1e56fd34408186e4bbccfd4996cb3dc -> 
  custom:container-muxer-webm: aa71ff27fc2769a1b78a27578f13a17b -> 
  custom:container-demuxer-webm: 4f35f7cbe854078d1ac9338744f61a02 -> 
  custom:video-encoder-webm-vp8: eb34c28f22e8b96e1ab97ce403110664 -> 
  custom:audio-encoder-webm-vorbis: bf7c407c2cedff20999df2af8eb42d56 -> 
  custom:framework-win-MediaFoundation: 216162199b28c13a410421893ffa2e32 -> 
  custom:container-demuxer-ogg: 62fdf1f143b41e24485cea50d1cbac27 -> 
  custom:video-decoder-webm-vp8: 9c59270c3fd7afecdb556c50c9e8de78 -> 
  custom:audio-decoder-ogg-vorbis: bf7c407c2cedff20999df2af8eb42d56 -> 
========================================================================
Received Prepare
Registering precompiled user dll's ...
Registered in 0.038296 seconds.
Begin MonoManager ReloadAssembly
Symbol file LoadedFromMemory doesn't match image E:\study\UnityPro\BattleCityRemake\Library\PackageCache\com.unity.visualscripting@1.7.2\Editor\VisualScripting.Core\Dependencies\YamlDotNet\Unity.VisualScripting.YamlDotNet.dll
Symbol file LoadedFromMemory doesn't match image E:\study\UnityPro\BattleCityRemake\Library\PackageCache\com.unity.visualscripting@1.7.2\Editor\VisualScripting.Core\Dependencies\DotNetZip\Unity.VisualScripting.IonicZip.dll
Native extension for WindowsStandalone target not found
Refreshing native plugins compatible for Editor in 1.56 ms, found 4 plugins.
Preloading 0 native plugins for Editor in 0.00 ms.
Mono: successfully reloaded assembly
- Completed reload, in  1.997 seconds
Domain Reload Profiling:
	ReloadAssembly (1998ms)
		BeginReloadAssembly (264ms)
			ExecutionOrderSort (0ms)
			DisableScriptedObjects (12ms)
			BackupInstance (0ms)
			ReleaseScriptingObjects (0ms)
			CreateAndSetChildDomain (49ms)
		EndReloadAssembly (1530ms)
			LoadAssemblies (214ms)
			RebuildTransferFunctionScriptingTraits (0ms)
			SetupTypeCache (360ms)
			ReleaseScriptCaches (2ms)
			RebuildScriptCaches (69ms)
			SetupLoadedEditorAssemblies (736ms)
				LogAssemblyErrors (0ms)
				InitializePlatformSupportModulesInManaged (19ms)
				SetLoadedEditorAssemblies (1ms)
				RefreshPlugins (2ms)
				BeforeProcessingInitializeOnLoad (124ms)
				ProcessInitializeOnLoadAttributes (517ms)
				ProcessInitializeOnLoadMethodAttributes (41ms)
				AfterProcessingInitializeOnLoad (32ms)
				EditorAssembliesLoaded (0ms)
			ExecutionOrderSort2 (0ms)
			AwakeInstancesAfterBackupRestoration (21ms)
Platform modules already initialized, skipping
Refreshing native plugins compatible for Editor in 1.13 ms, found 4 plugins.
Preloading 0 native plugins for Editor in 0.00 ms.
Unloading 3875 Unused Serialized files (Serialized files now loaded: 0)
Unloading 26 unused Assets / (24.6 KB). Loaded Objects now: 4522.
Memory consumption went from 157.2 MB to 157.1 MB.
Total: 5.344500 ms (FindLiveObjects: 0.463000 ms CreateObjectMapping: 0.860900 ms MarkObjects: 3.986100 ms  DeleteObjects: 0.032800 ms)

AssetImportParameters requested are different than current active one (requested -> active):
  custom:video-decoder-ogg-theora: a1e56fd34408186e4bbccfd4996cb3dc -> 
  custom:container-muxer-webm: aa71ff27fc2769a1b78a27578f13a17b -> 
  custom:container-demuxer-webm: 4f35f7cbe854078d1ac9338744f61a02 -> 
  custom:video-encoder-webm-vp8: eb34c28f22e8b96e1ab97ce403110664 -> 
  custom:audio-encoder-webm-vorbis: bf7c407c2cedff20999df2af8eb42d56 -> 
  custom:framework-win-MediaFoundation: 216162199b28c13a410421893ffa2e32 -> 
  custom:container-demuxer-ogg: 62fdf1f143b41e24485cea50d1cbac27 -> 
  custom:video-decoder-webm-vp8: 9c59270c3fd7afecdb556c50c9e8de78 -> 
  custom:audio-decoder-ogg-vorbis: bf7c407c2cedff20999df2af8eb42d56 -> 
